<?xml version="1.0" encoding="UTF-8"?>
<!-- Generated by org.testng.reporters.JUnitReportReporter -->
<testsuite hostname="DESKTOP-MTICK8R" failures="0" tests="1" name="com.actitime.testscript.CustomerModule" time="0.039" errors="0" timestamp="2023-03-05T22:21:32 GMT-08:00" skipped="0">
  <testcase classname="com.actitime.testscript.CustomerModule" name="testCreateCustomer" time="0.039"/>
  <system-out>
    <![CDATA[CreateCustomer]]>
  </system-out>
</testsuite> <!-- com.actitime.testscript.CustomerModule -->
